2023-05-10 09:18:22,104 =============================================================
2023-05-10 09:18:22,104 =============================================================
2023-05-10 09:18:22,104 Today is 2023-05-10 at 09:18 AM
2023-05-10 09:18:22,747 This file is running on: nt Windows 10
2023-05-10 09:18:22,747 The Python version is: 3.11.3
2023-05-10 09:18:22,747 The active conda environment is:  None
2023-05-10 09:18:22,747 The active pip environment is:    None
2023-05-10 09:18:22,747 The active environment path is:   C:\Users\WadeBryson\AppData\Local\Programs\Python\Python311
2023-05-10 09:18:22,747 The current working directory is: C:\Users\WadeBryson\Documents\datafun-01-getting-started-1
2023-05-10 09:18:22,794 This source file is in:           c:\Users\WadeBryson\Documents\datafun-01-getting-started-1
2023-05-10 09:18:22,794 =============================================================
2023-05-10 09:18:22,794 =============================================================
2023-05-10 09:18:22,794 Name: Wade Bryson 
2023-05-10 09:18:22,794 State: Missouri
2023-05-10 09:18:22,794 Country: USA
2023-05-10 09:18:22,794 Pet count: 0
2023-05-10 09:18:22,794 Skill count: 10
2023-05-10 09:18:22,794 Temperature: 73
2023-05-10 09:18:22,794 Pet weight: 0
2023-05-10 09:18:22,794 Has dog: False
2023-05-10 09:18:22,794 Likes analytics: True
2023-05-10 09:18:22,794 Likes Python: True
